mysql> SELECT * FROM users;
+----+-------+-----------------+--------+---------------------+
| id | name  | email           | city   | created_at          |
+----+-------+-----------------+--------+---------------------+
|  1 | Akhil | akhil@gmail.com | Delhi  | 2026-01-19 16:54:14 |
|  2 | Rohan | rohan@gmail.com | Mumbai | 2026-01-19 16:54:14 |
|  3 | Sneha | sneha@gmail.com | Pune   | 2026-01-19 16:54:14 |
+----+-------+-----------------+--------+---------------------+
3 rows in set (0.00 sec)

mysql> SELECT * FROM orders;
+----+---------+---------------------+-----------+
| id | user_id | order_date          | status    |
+----+---------+---------------------+-----------+
|  1 |       1 | 2026-01-19 16:54:25 | Delivered |
|  2 |       2 | 2026-01-19 16:54:25 | Pending   |
|  3 |       1 | 2026-01-19 16:54:25 | Delivered |
|  4 |       3 | 2026-01-19 16:54:25 | Cancelled |
+----+---------+---------------------+-----------+
4 rows in set (0.00 sec)

mysql> SELECT u.name
    -> FROM users u
    -> JOIN orders
    -> ON u.id = orders.user_id
    -> WHERE o.id IS NULL;
ERROR 1054 (42S22): Unknown column 'o.id' in 'where clause'
mysql> SELECT u.name
    -> FROM users u
    -> JOIN orders o
    -> ON u.id = o.user_id
    -> WHERE o.id IS NULL;
Empty set (0.00 sec)

mysql> SELECT u.name, o.status
    -> FROM users u
    -> JOIN orders o
    -> ON u.id = o.user_id;
+-------+-----------+
| name  | status    |
+-------+-----------+
| Akhil | Delivered |
| Akhil | Delivered |
| Rohan | Pending   |
| Sneha | Cancelled |
+-------+-----------+
4 rows in set (0.00 sec)

mysql> SELECT u.name
    -> FROM users u
    -> LEFT JOIN orders o
    -> ON u.id = o.user_id;
+-------+
| name  |
+-------+
| Akhil |
| Akhil |
| Rohan |
| Sneha |
+-------+
4 rows in set (0.00 sec)

mysql> SELECT u.name, o.status
    -> FROM users u
    -> LEFT JOIN orders o
    -> ON u.id = o.user_id;
+-------+-----------+
| name  | status    |
+-------+-----------+
| Akhil | Delivered |
| Akhil | Delivered |
| Rohan | Pending   |
| Sneha | Cancelled |
+-------+-----------+
4 rows in set (0.00 sec)

mysql> SELECT u.name
    -> FROM users u
    -> LEFT JOIN orders o
    -> ON u.id = o.user_id
    -> WHERE o.id IS NULL;
Empty set (0.00 sec)

mysql> SELECT * FROM categories;
+----+---------------+
| id | category_name |
+----+---------------+
|  1 | Electronics   |
|  2 | Furniture     |
|  3 | Accessories   |
+----+---------------+
3 rows in set (0.01 sec)

mysql> SELECT * FROM products;
+----+------------+-------------+----------+-------+
| id | name       | category_id | price    | stock |
+----+------------+-------------+----------+-------+
|  1 | Laptop     |           1 | 65000.00 |    10 |
|  2 | Mouse      |           3 |   800.00 |    50 |
|  3 | Desk       |           2 |  5000.00 |    20 |
|  4 | Headphones |           1 |  2500.00 |    30 |
|  5 | Chair      |           2 |  3000.00 |    25 |
+----+------------+-------------+----------+-------+
5 rows in set (0.02 sec)

mysql> SELECT p.name,c.category_name
    -> FROM products p
    -> LEFT JOIN categories c
    -> ON p.category_id = c.id;
+------------+---------------+
| name       | category_name |
+------------+---------------+
| Laptop     | Electronics   |
| Mouse      | Accessories   |
| Desk       | Furniture     |
| Headphones | Electronics   |
| Chair      | Furniture     |
+------------+---------------+
5 rows in set (0.00 sec)

mysql> SELECT c.category_name 
    -> FROM categories c
    -> LEFT JOIN products p
    -> ON c.id = p.category_id;
+---------------+
| category_name |
+---------------+
| Electronics   |
| Electronics   |
| Furniture     |
| Furniture     |
| Accessories   |
+---------------+
5 rows in set (0.00 sec)

mysql> mysql> SELECT p.name,c.category_name
    ->     -> FROM products p
    ->     -> LEFT JOIN categories c
    ->     -> ON p.category_id = c.id
    -> WHERE p.name IS NULL;
ERROR 1064 (42000): You have an error in your SQL syntax; check the manual that corresponds to your MySQL server version for the right syntax to use near 'mysql> SELECT p.name,c.category_name
    -> FROM products p
    -> LEFT JOIN cat' at line 1
mysql> SELECT p.name, c.category_name
    -> FROM categories c
    -> LEFT JOIN products p
    -> ON c.id =  p.category_id
    -> WHERE p.name IS NULL;
Empty set (0.00 sec)

mysql> SELECT * FROM users;
+----+-------+-----------------+--------+---------------------+
| id | name  | email           | city   | created_at          |
+----+-------+-----------------+--------+---------------------+
|  1 | Akhil | akhil@gmail.com | Delhi  | 2026-01-19 16:54:14 |
|  2 | Rohan | rohan@gmail.com | Mumbai | 2026-01-19 16:54:14 |
|  3 | Sneha | sneha@gmail.com | Pune   | 2026-01-19 16:54:14 |
+----+-------+-----------------+--------+---------------------+
3 rows in set (0.01 sec)

mysql> SELECT * FROM payments;
+----+----------+--------------+----------------+----------+
| id | order_id | payment_mode | payment_status | amount   |
+----+----------+--------------+----------------+----------+
|  1 |        1 | UPI          | Success        | 66600.00 |
|  2 |        2 | Card         | Pending        |  2500.00 |
|  3 |        3 | NetBanking   | Success        |  6000.00 |
|  4 |        4 | UPI          | Failed         |  5000.00 |
+----+----------+--------------+----------------+----------+
4 rows in set (0.01 sec)

mysql> SELECT * FROM orders;
+----+---------+---------------------+-----------+
| id | user_id | order_date          | status    |
+----+---------+---------------------+-----------+
|  1 |       1 | 2026-01-19 16:54:25 | Delivered |
|  2 |       2 | 2026-01-19 16:54:25 | Pending   |
|  3 |       1 | 2026-01-19 16:54:25 | Delivered |
|  4 |       3 | 2026-01-19 16:54:25 | Cancelled |
+----+---------+---------------------+-----------+
4 rows in set (0.00 sec)

mysql> SELECT u.name
    -> FROM users u 
    -> LEFT JOIN orders 0
    -> ON u.id = o.user_id
    -> JOIN payments p
    -> ON o.id = p.order_id;
ERROR 1064 (42000): You have an error in your SQL syntax; check the manual that corresponds to your MySQL server version for the right syntax to use near '0
ON u.id = o.user_id
JOIN payments p
ON o.id = p.order_id' at line 3
mysql> SELECT u.name
    -> FROM user u
    -> LEFT JOIN orders o
    -> ON u.id = o.user_id
    -> JOIN payments p
    -> ON o.id = p.order_id;
ERROR 1146 (42S02): Table 'practice12.user' doesn't exist
mysql> SELECT u.name
    -> FROM users u
    -> LEFT JOIN orders o
    -> ON u.id = o.user_id
    -> JOIN payments p
    -> ON o.id = p.order_id;
+-------+
| name  |
+-------+
| Akhil |
| Rohan |
| Akhil |
| Sneha |
+-------+
4 rows in set (0.01 sec)

mysql> SELECT u.name, p.amount
    -> FROM users u
    -> LEFT JOIN orders o
    -> ON u.id = o.user_id
    -> JOIN payments p
    -> ON o.id = p.order_id;
+-------+----------+
| name  | amount   |
+-------+----------+
| Akhil | 66600.00 |
| Akhil |  6000.00 |
| Rohan |  2500.00 |
| Sneha |  5000.00 |
+-------+----------+
4 rows in set (0.00 sec)

mysql> notee;
