mysql> SELECT * FROM users;
+----+-------+-----------------+--------+---------------------+
| id | name  | email           | city   | created_at          |
+----+-------+-----------------+--------+---------------------+
|  1 | Akhil | akhil@gmail.com | Delhi  | 2026-01-19 16:54:14 |
|  2 | Rohan | rohan@gmail.com | Mumbai | 2026-01-19 16:54:14 |
|  3 | Sneha | sneha@gmail.com | Pune   | 2026-01-19 16:54:14 |
+----+-------+-----------------+--------+---------------------+
3 rows in set (0.01 sec)

mysql> SELECT * FROM orders;
+----+---------+---------------------+-----------+
| id | user_id | order_date          | status    |
+----+---------+---------------------+-----------+
|  1 |       1 | 2026-01-19 16:54:25 | Delivered |
|  2 |       2 | 2026-01-19 16:54:25 | Pending   |
|  3 |       1 | 2026-01-19 16:54:25 | Delivered |
|  4 |       3 | 2026-01-19 16:54:25 | Cancelled |
+----+---------+---------------------+-----------+
4 rows in set (0.00 sec)

mysql> SELECT u.name, o.status
    -> FROm users u
    -> JOIN order o
    -> ON u.id = o.user_id;
ERROR 1064 (42000): You have an error in your SQL syntax; check the manual that corresponds to your MySQL server version for the right syntax to use near 'order o
ON u.id = o.user_id' at line 3
mysql> SELECT u.name, o.status
    -> FROM users u
    -> JOIN orders o
    -> ON u.id = o.user_id;
+-------+-----------+
| name  | status    |
+-------+-----------+
| Akhil | Delivered |
| Akhil | Delivered |
| Rohan | Pending   |
| Sneha | Cancelled |
+-------+-----------+
4 rows in set (0.01 sec)

mysql> SELECT * FROM products;
+----+------------+-------------+----------+-------+
| id | name       | category_id | price    | stock |
+----+------------+-------------+----------+-------+
|  1 | Laptop     |           1 | 65000.00 |    10 |
|  2 | Mouse      |           3 |   800.00 |    50 |
|  3 | Desk       |           2 |  5000.00 |    20 |
|  4 | Headphones |           1 |  2500.00 |    30 |
|  5 | Chair      |           2 |  3000.00 |    25 |
+----+------------+-------------+----------+-------+
5 rows in set (0.01 sec)

mysql> SELECT * FROM category_id;
ERROR 1146 (42S02): Table 'practice12.category_id' doesn't exist
mysql> SELECT * FROm categories;
+----+---------------+
| id | category_name |
+----+---------------+
|  1 | Electronics   |
|  2 | Furniture     |
|  3 | Accessories   |
+----+---------------+
3 rows in set (0.01 sec)

mysql> SELECT p.name,c.category_name
    -> FROM products p
    -> JOIN categories c
    -> ON p.category_id = c.id;
+------------+---------------+
| name       | category_name |
+------------+---------------+
| Laptop     | Electronics   |
| Headphones | Electronics   |
| Desk       | Furniture     |
| Chair      | Furniture     |
| Mouse      | Accessories   |
+------------+---------------+
5 rows in set (0.00 sec)

mysql> SELECT * FROM user;
ERROR 1146 (42S02): Table 'practice12.user' doesn't exist
mysql> SELECT * FROM user;
ERROR 1146 (42S02): Table 'practice12.user' doesn't exist
mysql> SELECT * FROM users;
+----+-------+-----------------+--------+---------------------+
| id | name  | email           | city   | created_at          |
+----+-------+-----------------+--------+---------------------+
|  1 | Akhil | akhil@gmail.com | Delhi  | 2026-01-19 16:54:14 |
|  2 | Rohan | rohan@gmail.com | Mumbai | 2026-01-19 16:54:14 |
|  3 | Sneha | sneha@gmail.com | Pune   | 2026-01-19 16:54:14 |
+----+-------+-----------------+--------+---------------------+
3 rows in set (0.00 sec)

mysql> SELECT * FROM orders;
+----+---------+---------------------+-----------+
| id | user_id | order_date          | status    |
+----+---------+---------------------+-----------+
|  1 |       1 | 2026-01-19 16:54:25 | Delivered |
|  2 |       2 | 2026-01-19 16:54:25 | Pending   |
|  3 |       1 | 2026-01-19 16:54:25 | Delivered |
|  4 |       3 | 2026-01-19 16:54:25 | Cancelled |
+----+---------+---------------------+-----------+
4 rows in set (0.00 sec)

mysql> SELECT u.name,o.status
    -> FROM users u
    -> JOIn orders o
    -> ONN u.id = o.user_id;
ERROR 1064 (42000): You have an error in your SQL syntax; check the manual that corresponds to your MySQL server version for the right syntax to use near 'ONN u.id = o.user_id' at line 4
mysql> SELECT u.name,o.status
    -> FROM users u
    -> JOIn orders o
    -> ON u.id = o.user_id;
+-------+-----------+
| name  | status    |
+-------+-----------+
| Akhil | Delivered |
| Akhil | Delivered |
| Rohan | Pending   |
| Sneha | Cancelled |
+-------+-----------+
4 rows in set (0.01 sec)

mysql> SELECT * FROM products;
+----+------------+-------------+----------+-------+
| id | name       | category_id | price    | stock |
+----+------------+-------------+----------+-------+
|  1 | Laptop     |           1 | 65000.00 |    10 |
|  2 | Mouse      |           3 |   800.00 |    50 |
|  3 | Desk       |           2 |  5000.00 |    20 |
|  4 | Headphones |           1 |  2500.00 |    30 |
|  5 | Chair      |           2 |  3000.00 |    25 |
+----+------------+-------------+----------+-------+
5 rows in set (0.00 sec)

mysql> SELECT * FROM categories;
+----+---------------+
| id | category_name |
+----+---------------+
|  1 | Electronics   |
|  2 | Furniture     |
|  3 | Accessories   |
+----+---------------+
3 rows in set (0.00 sec)

mysql> SELECT p.name,c.category_name
    -> FROM products p
    -> JOIN categories c
    -> ON p.category_id = c.id;
+------------+---------------+
| name       | category_name |
+------------+---------------+
| Laptop     | Electronics   |
| Headphones | Electronics   |
| Desk       | Furniture     |
| Chair      | Furniture     |
| Mouse      | Accessories   |
+------------+---------------+
5 rows in set (0.00 sec)

mysql> SELECT * FROM payments;
+----+----------+--------------+----------------+----------+
| id | order_id | payment_mode | payment_status | amount   |
+----+----------+--------------+----------------+----------+
|  1 |        1 | UPI          | Success        | 66600.00 |
|  2 |        2 | Card         | Pending        |  2500.00 |
|  3 |        3 | NetBanking   | Success        |  6000.00 |
|  4 |        4 | UPI          | Failed         |  5000.00 |
+----+----------+--------------+----------------+----------+
4 rows in set (0.01 sec)

mysql> SELECT * FROM orders;
+----+---------+---------------------+-----------+
| id | user_id | order_date          | status    |
+----+---------+---------------------+-----------+
|  1 |       1 | 2026-01-19 16:54:25 | Delivered |
|  2 |       2 | 2026-01-19 16:54:25 | Pending   |
|  3 |       1 | 2026-01-19 16:54:25 | Delivered |
|  4 |       3 | 2026-01-19 16:54:25 | Cancelled |
+----+---------+---------------------+-----------+
4 rows in set (0.00 sec)

mysql> SELECT p.payment_mode, o.status
    -> FROM payments p
    -> JOIN orders o
    -> ON p.order_id = o.id;
+--------------+-----------+
| payment_mode | status    |
+--------------+-----------+
| UPI          | Delivered |
| Card         | Pending   |
| NetBanking   | Delivered |
| UPI          | Cancelled |
+--------------+-----------+
4 rows in set (0.00 sec)

mysql> SELECT * FROM users;
+----+-------+-----------------+--------+---------------------+
| id | name  | email           | city   | created_at          |
+----+-------+-----------------+--------+---------------------+
|  1 | Akhil | akhil@gmail.com | Delhi  | 2026-01-19 16:54:14 |
|  2 | Rohan | rohan@gmail.com | Mumbai | 2026-01-19 16:54:14 |
|  3 | Sneha | sneha@gmail.com | Pune   | 2026-01-19 16:54:14 |
+----+-------+-----------------+--------+---------------------+
3 rows in set (0.00 sec)

mysql> SELECT * FROM payments;
+----+----------+--------------+----------------+----------+
| id | order_id | payment_mode | payment_status | amount   |
+----+----------+--------------+----------------+----------+
|  1 |        1 | UPI          | Success        | 66600.00 |
|  2 |        2 | Card         | Pending        |  2500.00 |
|  3 |        3 | NetBanking   | Success        |  6000.00 |
|  4 |        4 | UPI          | Failed         |  5000.00 |
+----+----------+--------------+----------------+----------+
4 rows in set (0.00 sec)

mysql> SELECT * FROM orders;
+----+---------+---------------------+-----------+
| id | user_id | order_date          | status    |
+----+---------+---------------------+-----------+
|  1 |       1 | 2026-01-19 16:54:25 | Delivered |
|  2 |       2 | 2026-01-19 16:54:25 | Pending   |
|  3 |       1 | 2026-01-19 16:54:25 | Delivered |
|  4 |       3 | 2026-01-19 16:54:25 | Cancelled |
+----+---------+---------------------+-----------+
4 rows in set (0.00 sec)

mysql> SELECT u.name,p.status,p.amount
    -> FROM users
    -> JOIN orders o
    -> ^C
mysql> 
mysql> SELECT u.name,p.status,p.amount
    -> FROM users u
    -> JOIN orders o
    -> ON u.id = o.use_id
    -> JOIN payments p
    -> ^C
mysql> SELECT u.name, p.status,p.amount
    -> FROM users u
    -> JOIN orders o
    -> ON u.id = o.user_id
    -> JOIN payments p
    -> ON o.id = p.order_id;
ERROR 1054 (42S22): Unknown column 'p.status' in 'field list'
mysql> SELECT u.name, p.payment_status, p.amount
    -> FROM users u
    -> JOIN orders o
    -> ON u.id = o.user_id
    -> JOIN payments p
    -> ON o.id = p.order_id;
+-------+----------------+----------+
| name  | payment_status | amount   |
+-------+----------------+----------+
| Akhil | Success        | 66600.00 |
| Akhil | Success        |  6000.00 |
| Rohan | Pending        |  2500.00 |
| Sneha | Failed         |  5000.00 |
+-------+----------------+----------+
4 rows in set (0.01 sec)

mysql> SELECT * FROM products;
+----+------------+-------------+----------+-------+
| id | name       | category_id | price    | stock |
+----+------------+-------------+----------+-------+
|  1 | Laptop     |           1 | 65000.00 |    10 |
|  2 | Mouse      |           3 |   800.00 |    50 |
|  3 | Desk       |           2 |  5000.00 |    20 |
|  4 | Headphones |           1 |  2500.00 |    30 |
|  5 | Chair      |           2 |  3000.00 |    25 |
+----+------------+-------------+----------+-------+
5 rows in set (0.00 sec)

mysql> SELECT * FROM orders_items;
ERROR 1146 (42S02): Table 'practice12.orders_items' doesn't exist
mysql> SELECT * FROM order_items;
+----+----------+------------+----------+----------+
| id | order_id | product_id | quantity | price    |
+----+----------+------------+----------+----------+
|  1 |        1 |          1 |        1 | 65000.00 |
|  2 |        1 |          2 |        2 |   800.00 |
|  3 |        2 |          4 |        1 |  2500.00 |
|  4 |        3 |          5 |        2 |  3000.00 |
|  5 |        4 |          3 |        1 |  5000.00 |
+----+----------+------------+----------+----------+
5 rows in set (0.02 sec)

mysql> SELECT p.name, oi.quantity
    -> FROM products p
    -> JOIN order_items oi
    -> ON p.id = oi.product_id;
+------------+----------+
| name       | quantity |
+------------+----------+
| Laptop     |        1 |
| Mouse      |        2 |
| Desk       |        1 |
| Headphones |        1 |
| Chair      |        2 |
+------------+----------+
5 rows in set (0.00 sec)

mysql> SELECT * FROM users;
+----+-------+-----------------+--------+---------------------+
| id | name  | email           | city   | created_at          |
+----+-------+-----------------+--------+---------------------+
|  1 | Akhil | akhil@gmail.com | Delhi  | 2026-01-19 16:54:14 |
|  2 | Rohan | rohan@gmail.com | Mumbai | 2026-01-19 16:54:14 |
|  3 | Sneha | sneha@gmail.com | Pune   | 2026-01-19 16:54:14 |
+----+-------+-----------------+--------+---------------------+
3 rows in set (0.00 sec)

mysql> SELECT * FROM products;
+----+------------+-------------+----------+-------+
| id | name       | category_id | price    | stock |
+----+------------+-------------+----------+-------+
|  1 | Laptop     |           1 | 65000.00 |    10 |
|  2 | Mouse      |           3 |   800.00 |    50 |
|  3 | Desk       |           2 |  5000.00 |    20 |
|  4 | Headphones |           1 |  2500.00 |    30 |
|  5 | Chair      |           2 |  3000.00 |    25 |
+----+------------+-------------+----------+-------+
5 rows in set (0.01 sec)

mysql> SELECT * FROM order_items;
+----+----------+------------+----------+----------+
| id | order_id | product_id | quantity | price    |
+----+----------+------------+----------+----------+
|  1 |        1 |          1 |        1 | 65000.00 |
|  2 |        1 |          2 |        2 |   800.00 |
|  3 |        2 |          4 |        1 |  2500.00 |
|  4 |        3 |          5 |        2 |  3000.00 |
|  5 |        4 |          3 |        1 |  5000.00 |
+----+----------+------------+----------+----------+
5 rows in set (0.00 sec)

mysql> SELECT * FROM payments;
+----+----------+--------------+----------------+----------+
| id | order_id | payment_mode | payment_status | amount   |
+----+----------+--------------+----------------+----------+
|  1 |        1 | UPI          | Success        | 66600.00 |
|  2 |        2 | Card         | Pending        |  2500.00 |
|  3 |        3 | NetBanking   | Success        |  6000.00 |
|  4 |        4 | UPI          | Failed         |  5000.00 |
+----+----------+--------------+----------------+----------+
4 rows in set (0.00 sec)

mysql> SELECT * FROM orders;
+----+---------+---------------------+-----------+
| id | user_id | order_date          | status    |
+----+---------+---------------------+-----------+
|  1 |       1 | 2026-01-19 16:54:25 | Delivered |
|  2 |       2 | 2026-01-19 16:54:25 | Pending   |
|  3 |       1 | 2026-01-19 16:54:25 | Delivered |
|  4 |       3 | 2026-01-19 16:54:25 | Cancelled |
+----+---------+---------------------+-----------+
4 rows in set (0.00 sec)

mysql> SELECT u.name, p.name, oi.quantity, pa.amount
    -> FROM users u
    -> JOIN orders o
    -> ON u.id = o.user_id
    -> JOIN order_items oi
    -> ON o.id = oi.order_id
    -> JOIN products p
    -> ON p.id = oi.product_id
    -> JOIN payments pa
    -> ON o.id = pa.order_id;
+-------+------------+----------+----------+
| name  | name       | quantity | amount   |
+-------+------------+----------+----------+
| Akhil | Laptop     |        1 | 66600.00 |
| Akhil | Mouse      |        2 | 66600.00 |
| Akhil | Chair      |        2 |  6000.00 |
| Rohan | Headphones |        1 |  2500.00 |
| Sneha | Desk       |        1 |  5000.00 |
+-------+------------+----------+----------+
5 rows in set (0.01 sec)

mysql> notee;
