mysql> SELECT status,COUNT(*) FROM orders GROUP BY status;
+-----------+----------+
| status    | COUNT(*) |
+-----------+----------+
| Delivered |        2 |
| Pending   |        1 |
| Cancelled |        1 |
+-----------+----------+
3 rows in set (0.02 sec)

mysql> SELECT * FROM payments;
+----+----------+--------------+----------------+----------+
| id | order_id | payment_mode | payment_status | amount   |
+----+----------+--------------+----------------+----------+
|  1 |        1 | UPI          | Success        | 66600.00 |
|  2 |        2 | Card         | Pending        |  2500.00 |
|  3 |        3 | NetBanking   | Success        |  6000.00 |
|  4 |        4 | UPI          | Failed         |  5000.00 |
+----+----------+--------------+----------------+----------+
4 rows in set (0.02 sec)

mysql> SELECT payment_mode, SUM(amount) FROM payments GROUP BY payment_status;
ERROR 1055 (42000): Expression #1 of SELECT list is not in GROUP BY clause and contains nonaggregated column 'practice12.payments.payment_mode' which is not functionally dependent on columns in GROUP BY clause; this is incompatible with sql_mode=only_full_group_by
mysql> SELECT payment_mode, SUM(amount) FROM payments GROUP BY payment_mode;
+--------------+-------------+
| payment_mode | SUM(amount) |
+--------------+-------------+
| UPI          |    71600.00 |
| Card         |     2500.00 |
| NetBanking   |     6000.00 |
+--------------+-------------+
3 rows in set (0.00 sec)

mysql> SELECT * FROM users;
+----+-------+-----------------+--------+---------------------+
| id | name  | email           | city   | created_at          |
+----+-------+-----------------+--------+---------------------+
|  1 | Akhil | akhil@gmail.com | Delhi  | 2026-01-19 16:54:14 |
|  2 | Rohan | rohan@gmail.com | Mumbai | 2026-01-19 16:54:14 |
|  3 | Sneha | sneha@gmail.com | Pune   | 2026-01-19 16:54:14 |
+----+-------+-----------------+--------+---------------------+
3 rows in set (0.02 sec)

mysql> SELECT city,COUNT(city) FROM users GROUP BY city;
+--------+-------------+
| city   | COUNT(city) |
+--------+-------------+
| Delhi  |           1 |
| Mumbai |           1 |
| Pune   |           1 |
+--------+-------------+
3 rows in set (0.00 sec)

mysql> SELECT city, COUNT(city) AS count_per_city FROM users GROUP BY city;
+--------+----------------+
| city   | count_per_city |
+--------+----------------+
| Delhi  |              1 |
| Mumbai |              1 |
| Pune   |              1 |
+--------+----------------+
3 rows in set (0.00 sec)

mysql> SELECT * FROM orders;
+----+---------+---------------------+-----------+
| id | user_id | order_date          | status    |
+----+---------+---------------------+-----------+
|  1 |       1 | 2026-01-19 16:54:25 | Delivered |
|  2 |       2 | 2026-01-19 16:54:25 | Pending   |
|  3 |       1 | 2026-01-19 16:54:25 | Delivered |
|  4 |       3 | 2026-01-19 16:54:25 | Cancelled |
+----+---------+---------------------+-----------+
4 rows in set (0.00 sec)

mysql> SELECT status,COUNT(status) AS count FROM orders GROUP BY status;
+-----------+-------+
| status    | count |
+-----------+-------+
| Delivered |     2 |
| Pending   |     1 |
| Cancelled |     1 |
+-----------+-------+
3 rows in set (0.00 sec)

mysql> SELECT * FROM payments;
+----+----------+--------------+----------------+----------+
| id | order_id | payment_mode | payment_status | amount   |
+----+----------+--------------+----------------+----------+
|  1 |        1 | UPI          | Success        | 66600.00 |
|  2 |        2 | Card         | Pending        |  2500.00 |
|  3 |        3 | NetBanking   | Success        |  6000.00 |
|  4 |        4 | UPI          | Failed         |  5000.00 |
+----+----------+--------------+----------------+----------+
4 rows in set (0.00 sec)

mysql> SELECT payment_mode,COUNT(amount) as amount_received_per_mode FROM payments GROUP BY payment_mode;
+--------------+--------------------------+
| payment_mode | amount_received_per_mode |
+--------------+--------------------------+
| UPI          |                        2 |
| Card         |                        1 |
| NetBanking   |                        1 |
+--------------+--------------------------+
3 rows in set (0.00 sec)

mysql> ^C
mysql> SELECT payment_mode, SUM(amount) AS amount_received_per_mode FROM payments GROUP BY payment_mode;
+--------------+--------------------------+
| payment_mode | amount_received_per_mode |
+--------------+--------------------------+
| UPI          |                 71600.00 |
| Card         |                  2500.00 |
| NetBanking   |                  6000.00 |
+--------------+--------------------------+
3 rows in set (0.01 sec)

mysql> SELECT payment_status, SUM(amount) AS amount_status FROM payments GROUP BY payment_mode;
ERROR 1055 (42000): Expression #1 of SELECT list is not in GROUP BY clause and contains nonaggregated column 'practice12.payments.payment_status' which is not functionally dependent on columns in GROUP BY clause; this is incompatible with sql_mode=only_full_group_by
mysql> SELECT payment_status, SUM(amount) AS amount_status FROM payments GROUP BY payment_status;
+----------------+---------------+
| payment_status | amount_status |
+----------------+---------------+
| Success        |      72600.00 |
| Pending        |       2500.00 |
| Failed         |       5000.00 |
+----------------+---------------+
3 rows in set (0.00 sec)

mysql> SELECT * FROM categories;
+----+---------------+
| id | category_name |
+----+---------------+
|  1 | Electronics   |
|  2 | Furniture     |
|  3 | Accessories   |
+----+---------------+
3 rows in set (0.02 sec)

mysql> SHOW TABLES;
+----------------------+
| Tables_in_practice12 |
+----------------------+
| categories           |
| order_items          |
| orders               |
| payments             |
| products             |
| users                |
+----------------------+
6 rows in set (0.01 sec)

mysql> SELECT * FROM products;
+----+------------+-------------+----------+-------+
| id | name       | category_id | price    | stock |
+----+------------+-------------+----------+-------+
|  1 | Laptop     |           1 | 65000.00 |    10 |
|  2 | Mouse      |           3 |   800.00 |    50 |
|  3 | Desk       |           2 |  5000.00 |    20 |
|  4 | Headphones |           1 |  2500.00 |    30 |
|  5 | Chair      |           2 |  3000.00 |    25 |
+----+------------+-------------+----------+-------+
5 rows in set (0.01 sec)

mysql> SELECT category_id,SUM(price) as total_price_per_id FROM products GROUP BY category_id;
+-------------+--------------------+
| category_id | total_price_per_id |
+-------------+--------------------+
|           1 |           67500.00 |
|           2 |            8000.00 |
|           3 |             800.00 |
+-------------+--------------------+
3 rows in set (0.00 sec)

mysql> SELECT category_id,
    ->        AVG(price) AS avg_price
    -> FROM products
    -> GROUP BY category_id;
+-------------+--------------+
| category_id | avg_price    |
+-------------+--------------+
|           1 | 33750.000000 |
|           2 |  4000.000000 |
|           3 |   800.000000 |
+-------------+--------------+
3 rows in set (0.00 sec)

mysql> SELECT category_id,MAX(price) as total_price_per_id FROM products GROUP BY category_id;
+-------------+--------------------+
| category_id | total_price_per_id |
+-------------+--------------------+
|           1 |           65000.00 |
|           2 |            5000.00 |
|           3 |             800.00 |
+-------------+--------------------+
3 rows in set (0.01 sec)

mysql> SELECT * FROM products;
+----+------------+-------------+----------+-------+
| id | name       | category_id | price    | stock |
+----+------------+-------------+----------+-------+
|  1 | Laptop     |           1 | 65000.00 |    10 |
|  2 | Mouse      |           3 |   800.00 |    50 |
|  3 | Desk       |           2 |  5000.00 |    20 |
|  4 | Headphones |           1 |  2500.00 |    30 |
|  5 | Chair      |           2 |  3000.00 |    25 |
+----+------------+-------------+----------+-------+
5 rows in set (0.00 sec)

mysql> SELECT category_id, SUM(stock) AS Total_stock_per_category_id FROM products GROUP BY category_id;
+-------------+-----------------------------+
| category_id | Total_stock_per_category_id |
+-------------+-----------------------------+
|           1 |                          40 |
|           2 |                          45 |
|           3 |                          50 |
+-------------+-----------------------------+
3 rows in set (0.00 sec)

mysql> SELECT category_id, COUNT(*) FROM products GROUP BY category_id;
+-------------+----------+
| category_id | COUNT(*) |
+-------------+----------+
|           1 |        2 |
|           2 |        2 |
|           3 |        1 |
+-------------+----------+
3 rows in set (0.00 sec)

mysql> SELECT * FROM payments;
+----+----------+--------------+----------------+----------+
| id | order_id | payment_mode | payment_status | amount   |
+----+----------+--------------+----------------+----------+
|  1 |        1 | UPI          | Success        | 66600.00 |
|  2 |        2 | Card         | Pending        |  2500.00 |
|  3 |        3 | NetBanking   | Success        |  6000.00 |
|  4 |        4 | UPI          | Failed         |  5000.00 |
+----+----------+--------------+----------------+----------+
4 rows in set (0.00 sec)

mysql> SELECT payment_status, SUM(amount) AS total_amount_per_payment_status FROM payments GROUP BY payment_status;
+----------------+---------------------------------+
| payment_status | total_amount_per_payment_status |
+----------------+---------------------------------+
| Success        |                        72600.00 |
| Pending        |                         2500.00 |
| Failed         |                         5000.00 |
+----------------+---------------------------------+
3 rows in set (0.00 sec)

mysql> notee;
