mysql> SELECT name,city FROM users;
+-------+--------+
| name  | city   |
+-------+--------+
| Akhil | Delhi  |
| Rohan | Mumbai |
| Sneha | Pune   |
+-------+--------+
3 rows in set (0.01 sec)

mysql> SELECT * FROM products;
+----+------------+-------------+----------+-------+
| id | name       | category_id | price    | stock |
+----+------------+-------------+----------+-------+
|  1 | Laptop     |           1 | 65000.00 |    10 |
|  2 | Mouse      |           3 |   800.00 |    50 |
|  3 | Desk       |           2 |  5000.00 |    20 |
|  4 | Headphones |           1 |  2500.00 |    30 |
|  5 | Chair      |           2 |  3000.00 |    25 |
+----+------------+-------------+----------+-------+
5 rows in set (0.00 sec)

mysql> SELECT name, price FROM products;
+------------+----------+
| name       | price    |
+------------+----------+
| Laptop     | 65000.00 |
| Mouse      |   800.00 |
| Desk       |  5000.00 |
| Headphones |  2500.00 |
| Chair      |  3000.00 |
+------------+----------+
5 rows in set (0.00 sec)

mysql> SELECT * users;
ERROR 1064 (42000): You have an error in your SQL syntax; check the manual that corresponds to your MySQL server version for the right syntax to use near 'users' at line 1
mysql> SELECT * FROM users;
+----+-------+-----------------+--------+---------------------+
| id | name  | email           | city   | created_at          |
+----+-------+-----------------+--------+---------------------+
|  1 | Akhil | akhil@gmail.com | Delhi  | 2026-01-19 16:54:14 |
|  2 | Rohan | rohan@gmail.com | Mumbai | 2026-01-19 16:54:14 |
|  3 | Sneha | sneha@gmail.com | Pune   | 2026-01-19 16:54:14 |
+----+-------+-----------------+--------+---------------------+
3 rows in set (0.00 sec)

mysql> SELECT name,email FROM users;
+-------+-----------------+
| name  | email           |
+-------+-----------------+
| Akhil | akhil@gmail.com |
| Rohan | rohan@gmail.com |
| Sneha | sneha@gmail.com |
+-------+-----------------+
3 rows in set (0.00 sec)

mysql> SELECT * FROM payments;
+----+----------+--------------+----------------+----------+
| id | order_id | payment_mode | payment_status | amount   |
+----+----------+--------------+----------------+----------+
|  1 |        1 | UPI          | Success        | 66600.00 |
|  2 |        2 | Card         | Pending        |  2500.00 |
|  3 |        3 | NetBanking   | Success        |  6000.00 |
|  4 |        4 | UPI          | Failed         |  5000.00 |
+----+----------+--------------+----------------+----------+
4 rows in set (0.00 sec)

mysql> SELECT category_name FROM categories;
+---------------+
| category_name |
+---------------+
| Electronics   |
| Furniture     |
| Accessories   |
+---------------+
3 rows in set (0.00 sec)

mysql> SELECT * FROM payments WHERE price > 3000;
ERROR 1054 (42S22): Unknown column 'price' in 'where clause'
mysql> SELECT * FROM payments WHERE amount > 3000;
+----+----------+--------------+----------------+----------+
| id | order_id | payment_mode | payment_status | amount   |
+----+----------+--------------+----------------+----------+
|  1 |        1 | UPI          | Success        | 66600.00 |
|  3 |        3 | NetBanking   | Success        |  6000.00 |
|  4 |        4 | UPI          | Failed         |  5000.00 |
+----+----------+--------------+----------------+----------+
3 rows in set (0.00 sec)

mysql> SELECT * FROM users WHERE city = "DELHI";
+----+-------+-----------------+-------+---------------------+
| id | name  | email           | city  | created_at          |
+----+-------+-----------------+-------+---------------------+
|  1 | Akhil | akhil@gmail.com | Delhi | 2026-01-19 16:54:14 |
+----+-------+-----------------+-------+---------------------+
1 row in set (0.00 sec)

mysql> SELECT * FROM products WHERE price > 5000;
+----+--------+-------------+----------+-------+
| id | name   | category_id | price    | stock |
+----+--------+-------------+----------+-------+
|  1 | Laptop |           1 | 65000.00 |    10 |
+----+--------+-------------+----------+-------+
1 row in set (0.00 sec)

mysql> SELECT * FROM orders WHERE status = "pending";
+----+---------+---------------------+---------+
| id | user_id | order_date          | status  |
+----+---------+---------------------+---------+
|  2 |       2 | 2026-01-19 16:54:25 | Pending |
+----+---------+---------------------+---------+
1 row in set (0.00 sec)

mysql> SELECT * FROM payment WHERE payment_status="success";
ERROR 1146 (42S02): Table 'practice12.payment' doesn't exist
mysql> SELECT * FROM payments WHERE payment_status="success;
    "> ^C
mysql> SELECT * FROM payments WHERE payment_status="success";
+----+----------+--------------+----------------+----------+
| id | order_id | payment_mode | payment_status | amount   |
+----+----------+--------------+----------------+----------+
|  1 |        1 | UPI          | Success        | 66600.00 |
|  3 |        3 | NetBanking   | Success        |  6000.00 |
+----+----------+--------------+----------------+----------+
2 rows in set (0.00 sec)

mysql> SELECT * FROM users WHERE city="Mumbai";
+----+-------+-----------------+--------+---------------------+
| id | name  | email           | city   | created_at          |
+----+-------+-----------------+--------+---------------------+
|  2 | Rohan | rohan@gmail.com | Mumbai | 2026-01-19 16:54:14 |
+----+-------+-----------------+--------+---------------------+
1 row in set (0.00 sec)

mysql> SELECT * FROM products WHERE stock>20;
+----+------------+-------------+---------+-------+
| id | name       | category_id | price   | stock |
+----+------------+-------------+---------+-------+
|  2 | Mouse      |           3 |  800.00 |    50 |
|  4 | Headphones |           1 | 2500.00 |    30 |
|  5 | Chair      |           2 | 3000.00 |    25 |
+----+------------+-------------+---------+-------+
3 rows in set (0.00 sec)

mysql> SELECT * FROM payments;
+----+----------+--------------+----------------+----------+
| id | order_id | payment_mode | payment_status | amount   |
+----+----------+--------------+----------------+----------+
|  1 |        1 | UPI          | Success        | 66600.00 |
|  2 |        2 | Card         | Pending        |  2500.00 |
|  3 |        3 | NetBanking   | Success        |  6000.00 |
|  4 |        4 | UPI          | Failed         |  5000.00 |
+----+----------+--------------+----------------+----------+
4 rows in set (0.00 sec)

mysql> SELECT * FROM payments ORDER BY amount;
+----+----------+--------------+----------------+----------+
| id | order_id | payment_mode | payment_status | amount   |
+----+----------+--------------+----------------+----------+
|  2 |        2 | Card         | Pending        |  2500.00 |
|  4 |        4 | UPI          | Failed         |  5000.00 |
|  3 |        3 | NetBanking   | Success        |  6000.00 |
|  1 |        1 | UPI          | Success        | 66600.00 |
+----+----------+--------------+----------------+----------+
4 rows in set (0.00 sec)

mysql> SELECT * FROm payments ORDER BY amount ASC;
+----+----------+--------------+----------------+----------+
| id | order_id | payment_mode | payment_status | amount   |
+----+----------+--------------+----------------+----------+
|  2 |        2 | Card         | Pending        |  2500.00 |
|  4 |        4 | UPI          | Failed         |  5000.00 |
|  3 |        3 | NetBanking   | Success        |  6000.00 |
|  1 |        1 | UPI          | Success        | 66600.00 |
+----+----------+--------------+----------------+----------+
4 rows in set (0.01 sec)

mysql> SELECT * FROM payments ORDER BY amount DESC;
+----+----------+--------------+----------------+----------+
| id | order_id | payment_mode | payment_status | amount   |
+----+----------+--------------+----------------+----------+
|  1 |        1 | UPI          | Success        | 66600.00 |
|  3 |        3 | NetBanking   | Success        |  6000.00 |
|  4 |        4 | UPI          | Failed         |  5000.00 |
|  2 |        2 | Card         | Pending        |  2500.00 |
+----+----------+--------------+----------------+----------+
4 rows in set (0.00 sec)

mysql> SELECT * FROM products;
+----+------------+-------------+----------+-------+
| id | name       | category_id | price    | stock |
+----+------------+-------------+----------+-------+
|  1 | Laptop     |           1 | 65000.00 |    10 |
|  2 | Mouse      |           3 |   800.00 |    50 |
|  3 | Desk       |           2 |  5000.00 |    20 |
|  4 | Headphones |           1 |  2500.00 |    30 |
|  5 | Chair      |           2 |  3000.00 |    25 |
+----+------------+-------------+----------+-------+
5 rows in set (0.01 sec)

mysql> SELECT * FROM products ORDER BY name;
+----+------------+-------------+----------+-------+
| id | name       | category_id | price    | stock |
+----+------------+-------------+----------+-------+
|  5 | Chair      |           2 |  3000.00 |    25 |
|  3 | Desk       |           2 |  5000.00 |    20 |
|  4 | Headphones |           1 |  2500.00 |    30 |
|  1 | Laptop     |           1 | 65000.00 |    10 |
|  2 | Mouse      |           3 |   800.00 |    50 |
+----+------------+-------------+----------+-------+
5 rows in set (0.00 sec)

mysql> SELECT * FROM payments ORDER BY amount DESC;
+----+----------+--------------+----------------+----------+
| id | order_id | payment_mode | payment_status | amount   |
+----+----------+--------------+----------------+----------+
|  1 |        1 | UPI          | Success        | 66600.00 |
|  3 |        3 | NetBanking   | Success        |  6000.00 |
|  4 |        4 | UPI          | Failed         |  5000.00 |
|  2 |        2 | Card         | Pending        |  2500.00 |
+----+----------+--------------+----------------+----------+
4 rows in set (0.00 sec)

mysql> SELECT * FROM products LIMIT 2;
+----+--------+-------------+----------+-------+
| id | name   | category_id | price    | stock |
+----+--------+-------------+----------+-------+
|  1 | Laptop |           1 | 65000.00 |    10 |
|  2 | Mouse  |           3 |   800.00 |    50 |
+----+--------+-------------+----------+-------+
2 rows in set (0.00 sec)

mysql> SELECT * FROM products ORDER BY amount LIMIT 1;
ERROR 1054 (42S22): Unknown column 'amount' in 'order clause'
mysql> SELECT * FROM payments ORDER BY amount LIMIT 1;
+----+----------+--------------+----------------+---------+
| id | order_id | payment_mode | payment_status | amount  |
+----+----------+--------------+----------------+---------+
|  2 |        2 | Card         | Pending        | 2500.00 |
+----+----------+--------------+----------------+---------+
1 row in set (0.00 sec)

mysql> SELECT * FROM payments ORDER BY amount DESC LIMIT 1;
+----+----------+--------------+----------------+----------+
| id | order_id | payment_mode | payment_status | amount   |
+----+----------+--------------+----------------+----------+
|  1 |        1 | UPI          | Success        | 66600.00 |
+----+----------+--------------+----------------+----------+
1 row in set (0.00 sec)

mysql> SELECT * FROM products ORDER BY price DESC LIMIT 2;
+----+--------+-------------+----------+-------+
| id | name   | category_id | price    | stock |
+----+--------+-------------+----------+-------+
|  1 | Laptop |           1 | 65000.00 |    10 |
|  3 | Desk   |           2 |  5000.00 |    20 |
+----+--------+-------------+----------+-------+
2 rows in set (0.00 sec)

mysql> SELECT * FROM users ORDER BY name LIMIT 2;
+----+-------+-----------------+--------+---------------------+
| id | name  | email           | city   | created_at          |
+----+-------+-----------------+--------+---------------------+
|  1 | Akhil | akhil@gmail.com | Delhi  | 2026-01-19 16:54:14 |
|  2 | Rohan | rohan@gmail.com | Mumbai | 2026-01-19 16:54:14 |
+----+-------+-----------------+--------+---------------------+
2 rows in set (0.00 sec)

mysql> notee;
