mysql> SHOW DATABASES;
+--------------------+
| Database           |
+--------------------+
| information_schema |
| performance_schema |
| practice12         |
+--------------------+
3 rows in set (0.01 sec)

mysql> USE practice12;
Reading table information for completion of table and column names
You can turn off this feature to get a quicker startup with -A

Database changed
mysql> SELECT u.name, COUNT(o.id) AS total_orders
    -> FROM users u
    -> JOIN orders o ON u.id = o.user_id
    -> GROUP BY u.name;
+-------+--------------+
| name  | total_orders |
+-------+--------------+
| Akhil |            2 |
| Rohan |            1 |
| Sneha |            1 |
+-------+--------------+
3 rows in set (0.02 sec)

mysql> notee;
mysql> exit
